<?xml version="1.0" encoding="UTF-8"?>
<testng-results ignored="0" total="1" passed="1" failed="0" skipped="0">
  <reporter-output>
  </reporter-output>
  <suite started-at="2023-11-24T22:02:12 IST" name="Default suite" finished-at="2023-11-24T22:04:05 IST" duration-ms="112981">
    <groups>
    </groups>
    <test started-at="2023-11-24T22:02:12 IST" name="Default test" finished-at="2023-11-24T22:04:05 IST" duration-ms="112981">
      <class name="Test.urbanmonkeytest">
        <test-method is-config="true" signature="setUp()[pri:0, instance:Test.urbanmonkeytest@5e0e82ae]" started-at="2023-11-24T22:02:12 IST" name="setUp" finished-at="2023-11-24T22:02:34 IST" duration-ms="21095" status="PASS">
          <reporter-output>
          </reporter-output>
        </test-method> <!-- setUp -->
        <test-method signature="test()[pri:0, instance:Test.urbanmonkeytest@5e0e82ae]" started-at="2023-11-24T22:02:34 IST" name="test" finished-at="2023-11-24T22:04:05 IST" duration-ms="91768" status="PASS">
          <reporter-output>
          </reporter-output>
        </test-method> <!-- test -->
      </class> <!-- Test.urbanmonkeytest -->
    </test> <!-- Default test -->
  </suite> <!-- Default suite -->
</testng-results>
